<?xml version="1.0" encoding="UTF-8"?>
<testsuite xmlns:xsi="http://www.w3.org/2001/XMLSchema-instance" xsi:noNamespaceSchemaLocation="https://maven.apache.org/surefire/maven-surefire-plugin/xsd/surefire-test-report.xsd" version="3.0.2" name="com.example.store_management.StoreManagementApplicationTests" time="0.973" tests="1" errors="0" skipped="0" failures="0">
  <properties>
[...]
</properties>
  <testcase name="contextLoads" classname="com.example.store_management.StoreManagementApplicationTests" time="0.397">
    <system-out><![CDATA[22:10:36.920 [main] INFO org.springframework.test.context.support.AnnotationConfigContextLoaderUtils -- Could not detect default configuration classes for test class [com.example.store_management.StoreManagementApplicationTests]: StoreManagementApplicationTests does not declare any static, non-private, non-final, nested classes annotated with @Configuration.
22:10:36.975 [main] INFO org.springframework.boot.test.context.SpringBootTestContextBootstrapper -- Found @SpringBootConfiguration com.example.store_management.StoreManagementApplication for test class com.example.store_management.StoreManagementApplicationTests

  .   ____          _            __ _ _
 /\\ / ___'_ __ _ _(_)_ __  __ _ \ \ \ \
( ( )\___ | '_ | '_| | '_ \/ _` | \ \ \ \
 \\/  ___)| |_)| | | | | || (_| |  ) ) ) )
  '  |____| .__|_| |_|_| |_\__, | / / / /
 =========|_|==============|___/=/_/_/_/

 :: Spring Boot ::                (v3.5.6)

2025-10-07T22:10:37.218+03:00  INFO 2312 --- [store-management] [           main] c.e.s.StoreManagementApplicationTests    : Starting StoreManagementApplicationTests using Java 17.0.16 with PID 2312 (started by rbrtp in D:\repo\store-management-2025)
2025-10-07T22:10:37.219+03:00  INFO 2312 --- [store-management] [           main] c.e.s.StoreManagementApplicationTests    : No active profile set, falling back to 1 default profile: "default"
2025-10-07T22:10:37.415+03:00  INFO 2312 --- [store-management] [           main] c.e.s.StoreManagementApplicationTests    : Started StoreManagementApplicationTests in 0.354 seconds (process running for 0.881)
]]></system-out>
  </testcase>
</testsuite>